<?xml version="1.0" encoding="UTF-8"?>
<coverage generated="1590181920994" clover="3.2.0">
  <project timestamp="1590181920995" name="All files">
    <metrics statements="98" coveredstatements="97" conditionals="40" coveredconditionals="39" methods="19" coveredmethods="19" elements="157" coveredelements="155" complexity="0" loc="98" ncloc="98" packages="1" files="3" classes="3"/>
    <file name="functionCli.js" path="/home/administrador/Escritorio/JsProject/markdown-links/src/functionCli.js">
      <metrics statements="20" coveredstatements="20" conditionals="22" coveredconditionals="22" methods="1" coveredmethods="1"/>
      <line num="1" count="1" type="stmt"/>
      <line num="2" count="1" type="stmt"/>
      <line num="3" count="1" type="stmt"/>
      <line num="6" count="1" type="stmt"/>
      <line num="9" count="9" type="cond" truecount="2" falsecount="0"/>
      <line num="10" count="1" type="stmt"/>
      <line num="13" count="8" type="cond" truecount="2" falsecount="0"/>
      <line num="14" count="1" type="stmt"/>
      <line num="17" count="7" type="cond" truecount="2" falsecount="0"/>
      <line num="18" count="6" type="cond" truecount="2" falsecount="0"/>
      <line num="19" count="1" type="stmt"/>
      <line num="21" count="5" type="cond" truecount="4" falsecount="0"/>
      <line num="22" count="1" type="stmt"/>
      <line num="23" count="4" type="cond" truecount="4" falsecount="0"/>
      <line num="24" count="1" type="stmt"/>
      <line num="25" count="3" type="cond" truecount="6" falsecount="0"/>
      <line num="26" count="2" type="stmt"/>
      <line num="29" count="1" type="stmt"/>
      <line num="32" count="1" type="stmt"/>
      <line num="36" count="1" type="stmt"/>
    </file>
    <file name="index.js" path="/home/administrador/Escritorio/JsProject/markdown-links/src/index.js">
      <metrics statements="18" coveredstatements="17" conditionals="8" coveredconditionals="7" methods="1" coveredmethods="1"/>
      <line num="1" count="2" type="stmt"/>
      <line num="6" count="2" type="stmt"/>
      <line num="9" count="2" type="stmt"/>
      <line num="10" count="13" type="stmt"/>
      <line num="12" count="13" type="cond" truecount="1" falsecount="1"/>
      <line num="13" count="13" type="cond" truecount="2" falsecount="0"/>
      <line num="14" count="11" type="stmt"/>
      <line num="15" count="11" type="stmt"/>
      <line num="17" count="11" type="cond" truecount="2" falsecount="0"/>
      <line num="18" count="7" type="stmt"/>
      <line num="21" count="4" type="stmt"/>
      <line num="24" count="2" type="stmt"/>
      <line num="25" count="2" type="stmt"/>
      <line num="27" count="2" type="cond" truecount="2" falsecount="0"/>
      <line num="28" count="1" type="stmt"/>
      <line num="31" count="1" type="stmt"/>
      <line num="34" count="0" type="stmt"/>
      <line num="38" count="2" type="stmt"/>
    </file>
    <file name="main.js" path="/home/administrador/Escritorio/JsProject/markdown-links/src/main.js">
      <metrics statements="60" coveredstatements="60" conditionals="10" coveredconditionals="10" methods="17" coveredmethods="17"/>
      <line num="2" count="5" type="stmt"/>
      <line num="3" count="5" type="stmt"/>
      <line num="5" count="5" type="stmt"/>
      <line num="6" count="5" type="stmt"/>
      <line num="7" count="5" type="stmt"/>
      <line num="9" count="5" type="stmt"/>
      <line num="12" count="20" type="stmt"/>
      <line num="15" count="5" type="stmt"/>
      <line num="18" count="5" type="stmt"/>
      <line num="21" count="15" type="cond" truecount="2" falsecount="0"/>
      <line num="22" count="14" type="stmt"/>
      <line num="25" count="1" type="stmt"/>
      <line num="31" count="22" type="stmt"/>
      <line num="35" count="14" type="stmt"/>
      <line num="40" count="9" type="stmt"/>
      <line num="44" count="5" type="stmt"/>
      <line num="45" count="20" type="stmt"/>
      <line num="47" count="20" type="cond" truecount="2" falsecount="0"/>
      <line num="48" count="16" type="stmt"/>
      <line num="51" count="20" type="stmt"/>
      <line num="55" count="5" type="stmt"/>
      <line num="57" count="4" type="stmt"/>
      <line num="58" count="4" type="stmt"/>
      <line num="60" count="4" type="stmt"/>
      <line num="62" count="8" type="stmt"/>
      <line num="64" count="8" type="cond" truecount="2" falsecount="0"/>
      <line num="70" count="1" type="stmt"/>
      <line num="72" count="1" type="stmt"/>
      <line num="75" count="8" type="stmt"/>
      <line num="77" count="8" type="stmt"/>
      <line num="78" count="4" type="stmt"/>
      <line num="82" count="4" type="stmt"/>
      <line num="86" count="5" type="stmt"/>
      <line num="87" count="14" type="stmt"/>
      <line num="89" count="14" type="stmt"/>
      <line num="90" count="15" type="stmt"/>
      <line num="91" count="15" type="stmt"/>
      <line num="92" count="15" type="stmt"/>
      <line num="93" count="15" type="stmt"/>
      <line num="95" count="15" type="stmt"/>
      <line num="97" count="15" type="stmt"/>
      <line num="98" count="18" type="stmt"/>
      <line num="106" count="14" type="stmt"/>
      <line num="110" count="5" type="stmt"/>
      <line num="111" count="11" type="stmt"/>
      <line num="113" count="11" type="stmt"/>
      <line num="114" count="12" type="stmt"/>
      <line num="115" count="12" type="stmt"/>
      <line num="117" count="12" type="stmt"/>
      <line num="119" count="10" type="cond" truecount="4" falsecount="0"/>
      <line num="120" count="2" type="stmt"/>
      <line num="121" count="2" type="stmt"/>
      <line num="123" count="2" type="stmt"/>
      <line num="126" count="8" type="stmt"/>
      <line num="127" count="8" type="stmt"/>
      <line num="129" count="8" type="stmt"/>
      <line num="132" count="2" type="stmt"/>
      <line num="140" count="2" type="stmt"/>
      <line num="144" count="11" type="stmt"/>
      <line num="150" count="5" type="stmt"/>
    </file>
  </project>
</coverage>
