{"/home/administrador/Escritorio/JsProject/LIM011-fe-md-links/src/functionCli.js": {"path":"/home/administrador/Escritorio/JsProject/LIM011-fe-md-links/src/functionCli.js","statementMap":{"0":{"start":{"line":1,"column":15},"end":{"line":1,"column":32}},"1":{"start":{"line":2,"column":20},"end":{"line":2,"column":41}},"2":{"start":{"line":5,"column":12},"end":{"line":25,"column":1}},"3":{"start":{"line":8,"column":2},"end":{"line":10,"column":3}},"4":{"start":{"line":9,"column":4},"end":{"line":9,"column":75}},"5":{"start":{"line":12,"column":2},"end":{"line":14,"column":3}},"6":{"start":{"line":13,"column":4},"end":{"line":13,"column":88}},"7":{"start":{"line":16,"column":2},"end":{"line":18,"column":3}},"8":{"start":{"line":17,"column":4},"end":{"line":17,"column":50}},"9":{"start":{"line":18,"column":4},"end":{"line":20,"column":3}},"10":{"start":{"line":19,"column":4},"end":{"line":19,"column":49}},"11":{"start":{"line":20,"column":4},"end":{"line":22,"column":3}},"12":{"start":{"line":21,"column":4},"end":{"line":21,"column":49}},"13":{"start":{"line":24,"column":2},"end":{"line":24,"column":79}},"14":{"start":{"line":28,"column":0},"end":{"line":28,"column":25}}},"fnMap":{"0":{"name":"(anonymous_0)","decl":{"start":{"line":5,"column":12},"end":{"line":5,"column":13}},"loc":{"start":{"line":5,"column":23},"end":{"line":25,"column":1}},"line":5}},"branchMap":{"0":{"loc":{"start":{"line":8,"column":2},"end":{"line":10,"column":3}},"type":"if","locations":[{"start":{"line":8,"column":2},"end":{"line":10,"column":3}},{"start":{"line":8,"column":2},"end":{"line":10,"column":3}}],"line":8},"1":{"loc":{"start":{"line":12,"column":2},"end":{"line":14,"column":3}},"type":"if","locations":[{"start":{"line":12,"column":2},"end":{"line":14,"column":3}},{"start":{"line":12,"column":2},"end":{"line":14,"column":3}}],"line":12},"2":{"loc":{"start":{"line":16,"column":2},"end":{"line":18,"column":3}},"type":"if","locations":[{"start":{"line":16,"column":2},"end":{"line":18,"column":3}},{"start":{"line":16,"column":2},"end":{"line":18,"column":3}}],"line":16},"3":{"loc":{"start":{"line":16,"column":6},"end":{"line":16,"column":50}},"type":"binary-expr","locations":[{"start":{"line":16,"column":6},"end":{"line":16,"column":28}},{"start":{"line":16,"column":32},"end":{"line":16,"column":50}}],"line":16},"4":{"loc":{"start":{"line":18,"column":4},"end":{"line":20,"column":3}},"type":"if","locations":[{"start":{"line":18,"column":4},"end":{"line":20,"column":3}},{"start":{"line":18,"column":4},"end":{"line":20,"column":3}}],"line":18},"5":{"loc":{"start":{"line":18,"column":8},"end":{"line":18,"column":55}},"type":"binary-expr","locations":[{"start":{"line":18,"column":8},"end":{"line":18,"column":33}},{"start":{"line":18,"column":37},"end":{"line":18,"column":55}}],"line":18},"6":{"loc":{"start":{"line":20,"column":4},"end":{"line":22,"column":3}},"type":"if","locations":[{"start":{"line":20,"column":4},"end":{"line":22,"column":3}},{"start":{"line":20,"column":4},"end":{"line":22,"column":3}}],"line":20},"7":{"loc":{"start":{"line":20,"column":8},"end":{"line":20,"column":118}},"type":"binary-expr","locations":[{"start":{"line":20,"column":9},"end":{"line":20,"column":34}},{"start":{"line":20,"column":38},"end":{"line":20,"column":60}},{"start":{"line":20,"column":66},"end":{"line":20,"column":88}},{"start":{"line":20,"column":92},"end":{"line":20,"column":117}}],"line":20}},"s":{"0":1,"1":1,"2":1,"3":7,"4":1,"5":6,"6":1,"7":5,"8":1,"9":4,"10":1,"11":3,"12":2,"13":1,"14":1},"f":{"0":7},"b":{"0":[1,6],"1":[1,5],"2":[1,4],"3":[5,2],"4":[1,3],"5":[4,2],"6":[2,1],"7":[3,1,2,1]},"_coverageSchema":"1a1c01bbd47fc00a2c39e90264f33305004495a9","hash":"d5960f5c308815ee5817367c18268e8b7413bdaa"}
,"/home/administrador/Escritorio/JsProject/LIM011-fe-md-links/src/index.js": {"path":"/home/administrador/Escritorio/JsProject/LIM011-fe-md-links/src/index.js","statementMap":{"0":{"start":{"line":1,"column":20},"end":{"line":1,"column":45}},"1":{"start":{"line":6,"column":4},"end":{"line":6,"column":15}},"2":{"start":{"line":9,"column":16},"end":{"line":31,"column":1}},"3":{"start":{"line":10,"column":24},"end":{"line":10,"column":59}},"4":{"start":{"line":12,"column":2},"end":{"line":21,"column":3}},"5":{"start":{"line":13,"column":34},"end":{"line":13,"column":73}},"6":{"start":{"line":14,"column":33},"end":{"line":14,"column":79}},"7":{"start":{"line":16,"column":4},"end":{"line":18,"column":5}},"8":{"start":{"line":17,"column":6},"end":{"line":17,"column":55}},"9":{"start":{"line":20,"column":4},"end":{"line":20,"column":49}},"10":{"start":{"line":23,"column":32},"end":{"line":23,"column":73}},"11":{"start":{"line":24,"column":31},"end":{"line":24,"column":77}},"12":{"start":{"line":26,"column":2},"end":{"line":28,"column":3}},"13":{"start":{"line":27,"column":4},"end":{"line":27,"column":53}},"14":{"start":{"line":30,"column":2},"end":{"line":30,"column":47}},"15":{"start":{"line":34,"column":0},"end":{"line":34,"column":29}}},"fnMap":{"0":{"name":"(anonymous_0)","decl":{"start":{"line":9,"column":16},"end":{"line":9,"column":17}},"loc":{"start":{"line":9,"column":35},"end":{"line":31,"column":1}},"line":9}},"branchMap":{"0":{"loc":{"start":{"line":12,"column":2},"end":{"line":21,"column":3}},"type":"if","locations":[{"start":{"line":12,"column":2},"end":{"line":21,"column":3}},{"start":{"line":12,"column":2},"end":{"line":21,"column":3}}],"line":12},"1":{"loc":{"start":{"line":16,"column":4},"end":{"line":18,"column":5}},"type":"if","locations":[{"start":{"line":16,"column":4},"end":{"line":18,"column":5}},{"start":{"line":16,"column":4},"end":{"line":18,"column":5}}],"line":16},"2":{"loc":{"start":{"line":26,"column":2},"end":{"line":28,"column":3}},"type":"if","locations":[{"start":{"line":26,"column":2},"end":{"line":28,"column":3}},{"start":{"line":26,"column":2},"end":{"line":28,"column":3}}],"line":26}},"s":{"0":2,"1":2,"2":2,"3":13,"4":13,"5":11,"6":11,"7":11,"8":7,"9":4,"10":2,"11":2,"12":2,"13":1,"14":1,"15":2},"f":{"0":13},"b":{"0":[11,2],"1":[7,4],"2":[1,1]},"_coverageSchema":"1a1c01bbd47fc00a2c39e90264f33305004495a9","hash":"df9b27e9ae6c081aacdcc8c2356361e6c3441f96"}
,"/home/administrador/Escritorio/JsProject/LIM011-fe-md-links/src/main.js": {"path":"/home/administrador/Escritorio/JsProject/LIM011-fe-md-links/src/main.js","statementMap":{"0":{"start":{"line":2,"column":13},"end":{"line":2,"column":28}},"1":{"start":{"line":3,"column":11},"end":{"line":3,"column":24}},"2":{"start":{"line":5,"column":15},"end":{"line":5,"column":32}},"3":{"start":{"line":6,"column":14},"end":{"line":6,"column":30}},"4":{"start":{"line":7,"column":14},"end":{"line":7,"column":35}},"5":{"start":{"line":9,"column":18},"end":{"line":9,"column":23}},"6":{"start":{"line":13,"column":28},"end":{"line":13,"column":62}},"7":{"start":{"line":13,"column":41},"end":{"line":13,"column":62}},"8":{"start":{"line":16,"column":23},"end":{"line":24,"column":1}},"9":{"start":{"line":19,"column":2},"end":{"line":21,"column":3}},"10":{"start":{"line":20,"column":4},"end":{"line":20,"column":19}},"11":{"start":{"line":23,"column":2},"end":{"line":23,"column":38}},"12":{"start":{"line":29,"column":28},"end":{"line":29,"column":62}},"13":{"start":{"line":29,"column":41},"end":{"line":29,"column":62}},"14":{"start":{"line":33,"column":24},"end":{"line":33,"column":66}},"15":{"start":{"line":33,"column":37},"end":{"line":33,"column":66}},"16":{"start":{"line":38,"column":26},"end":{"line":38,"column":73}},"17":{"start":{"line":38,"column":39},"end":{"line":38,"column":73}},"18":{"start":{"line":42,"column":33},"end":{"line":50,"column":1}},"19":{"start":{"line":43,"column":31},"end":{"line":43,"column":33}},"20":{"start":{"line":45,"column":2},"end":{"line":47,"column":3}},"21":{"start":{"line":46,"column":4},"end":{"line":46,"column":39}},"22":{"start":{"line":49,"column":2},"end":{"line":49,"column":30}},"23":{"start":{"line":53,"column":35},"end":{"line":81,"column":1}},"24":{"start":{"line":55,"column":21},"end":{"line":55,"column":53}},"25":{"start":{"line":56,"column":29},"end":{"line":56,"column":31}},"26":{"start":{"line":58,"column":2},"end":{"line":78,"column":5}},"27":{"start":{"line":60,"column":21},"end":{"line":60,"column":45}},"28":{"start":{"line":62,"column":4},"end":{"line":71,"column":5}},"29":{"start":{"line":68,"column":20},"end":{"line":68,"column":56}},"30":{"start":{"line":70,"column":6},"end":{"line":70,"column":64}},"31":{"start":{"line":73,"column":34},"end":{"line":73,"column":68}},"32":{"start":{"line":75,"column":4},"end":{"line":77,"column":7}},"33":{"start":{"line":76,"column":6},"end":{"line":76,"column":42}},"34":{"start":{"line":80,"column":2},"end":{"line":80,"column":30}},"35":{"start":{"line":84,"column":32},"end":{"line":105,"column":1}},"36":{"start":{"line":85,"column":28},"end":{"line":85,"column":30}},"37":{"start":{"line":87,"column":2},"end":{"line":102,"column":5}},"38":{"start":{"line":88,"column":21},"end":{"line":88,"column":59}},"39":{"start":{"line":89,"column":19},"end":{"line":89,"column":41}},"40":{"start":{"line":90,"column":17},"end":{"line":90,"column":38}},"41":{"start":{"line":91,"column":16},"end":{"line":91,"column":31}},"42":{"start":{"line":93,"column":28},"end":{"line":93,"column":69}},"43":{"start":{"line":95,"column":4},"end":{"line":101,"column":7}},"44":{"start":{"line":96,"column":6},"end":{"line":100,"column":9}},"45":{"start":{"line":104,"column":2},"end":{"line":104,"column":27}},"46":{"start":{"line":108,"column":28},"end":{"line":144,"column":1}},"47":{"start":{"line":109,"column":24},"end":{"line":109,"column":26}},"48":{"start":{"line":111,"column":2},"end":{"line":141,"column":5}},"49":{"start":{"line":112,"column":26},"end":{"line":112,"column":30}},"50":{"start":{"line":113,"column":25},"end":{"line":113,"column":41}},"51":{"start":{"line":115,"column":4},"end":{"line":140,"column":10}},"52":{"start":{"line":117,"column":8},"end":{"line":122,"column":9}},"53":{"start":{"line":118,"column":10},"end":{"line":118,"column":49}},"54":{"start":{"line":119,"column":10},"end":{"line":119,"column":42}},"55":{"start":{"line":121,"column":10},"end":{"line":121,"column":31}},"56":{"start":{"line":124,"column":8},"end":{"line":124,"column":47}},"57":{"start":{"line":125,"column":8},"end":{"line":125,"column":42}},"58":{"start":{"line":127,"column":8},"end":{"line":127,"column":29}},"59":{"start":{"line":130,"column":28},"end":{"line":134,"column":9}},"60":{"start":{"line":139,"column":8},"end":{"line":139,"column":27}},"61":{"start":{"line":143,"column":2},"end":{"line":143,"column":36}},"62":{"start":{"line":146,"column":0},"end":{"line":156,"column":2}}},"fnMap":{"0":{"name":"(anonymous_0)","decl":{"start":{"line":13,"column":28},"end":{"line":13,"column":29}},"loc":{"start":{"line":13,"column":41},"end":{"line":13,"column":62}},"line":13},"1":{"name":"(anonymous_1)","decl":{"start":{"line":16,"column":23},"end":{"line":16,"column":24}},"loc":{"start":{"line":16,"column":36},"end":{"line":24,"column":1}},"line":16},"2":{"name":"(anonymous_2)","decl":{"start":{"line":29,"column":28},"end":{"line":29,"column":29}},"loc":{"start":{"line":29,"column":41},"end":{"line":29,"column":62}},"line":29},"3":{"name":"(anonymous_3)","decl":{"start":{"line":33,"column":24},"end":{"line":33,"column":25}},"loc":{"start":{"line":33,"column":37},"end":{"line":33,"column":66}},"line":33},"4":{"name":"(anonymous_4)","decl":{"start":{"line":38,"column":26},"end":{"line":38,"column":27}},"loc":{"start":{"line":38,"column":39},"end":{"line":38,"column":73}},"line":38},"5":{"name":"(anonymous_5)","decl":{"start":{"line":42,"column":33},"end":{"line":42,"column":34}},"loc":{"start":{"line":42,"column":46},"end":{"line":50,"column":1}},"line":42},"6":{"name":"(anonymous_6)","decl":{"start":{"line":53,"column":35},"end":{"line":53,"column":36}},"loc":{"start":{"line":53,"column":48},"end":{"line":81,"column":1}},"line":53},"7":{"name":"(anonymous_7)","decl":{"start":{"line":58,"column":21},"end":{"line":58,"column":22}},"loc":{"start":{"line":58,"column":31},"end":{"line":78,"column":3}},"line":58},"8":{"name":"(anonymous_8)","decl":{"start":{"line":75,"column":34},"end":{"line":75,"column":35}},"loc":{"start":{"line":75,"column":48},"end":{"line":77,"column":5}},"line":75},"9":{"name":"(anonymous_9)","decl":{"start":{"line":84,"column":32},"end":{"line":84,"column":33}},"loc":{"start":{"line":84,"column":58},"end":{"line":105,"column":1}},"line":84},"10":{"name":"(anonymous_10)","decl":{"start":{"line":87,"column":31},"end":{"line":87,"column":32}},"loc":{"start":{"line":87,"column":49},"end":{"line":102,"column":3}},"line":87},"11":{"name":"(anonymous_11)","decl":{"start":{"line":95,"column":28},"end":{"line":95,"column":29}},"loc":{"start":{"line":95,"column":38},"end":{"line":101,"column":5}},"line":95},"12":{"name":"(anonymous_12)","decl":{"start":{"line":108,"column":28},"end":{"line":108,"column":29}},"loc":{"start":{"line":108,"column":51},"end":{"line":144,"column":1}},"line":108},"13":{"name":"(anonymous_13)","decl":{"start":{"line":111,"column":28},"end":{"line":111,"column":29}},"loc":{"start":{"line":111,"column":38},"end":{"line":141,"column":3}},"line":111},"14":{"name":"(anonymous_14)","decl":{"start":{"line":116,"column":12},"end":{"line":116,"column":13}},"loc":{"start":{"line":116,"column":26},"end":{"line":128,"column":7}},"line":116},"15":{"name":"(anonymous_15)","decl":{"start":{"line":129,"column":13},"end":{"line":129,"column":14}},"loc":{"start":{"line":129,"column":19},"end":{"line":140,"column":7}},"line":129}},"branchMap":{"0":{"loc":{"start":{"line":19,"column":2},"end":{"line":21,"column":3}},"type":"if","locations":[{"start":{"line":19,"column":2},"end":{"line":21,"column":3}},{"start":{"line":19,"column":2},"end":{"line":21,"column":3}}],"line":19},"1":{"loc":{"start":{"line":45,"column":2},"end":{"line":47,"column":3}},"type":"if","locations":[{"start":{"line":45,"column":2},"end":{"line":47,"column":3}},{"start":{"line":45,"column":2},"end":{"line":47,"column":3}}],"line":45},"2":{"loc":{"start":{"line":62,"column":4},"end":{"line":71,"column":5}},"type":"if","locations":[{"start":{"line":62,"column":4},"end":{"line":71,"column":5}},{"start":{"line":62,"column":4},"end":{"line":71,"column":5}}],"line":62},"3":{"loc":{"start":{"line":117,"column":8},"end":{"line":122,"column":9}},"type":"if","locations":[{"start":{"line":117,"column":8},"end":{"line":122,"column":9}},{"start":{"line":117,"column":8},"end":{"line":122,"column":9}}],"line":117},"4":{"loc":{"start":{"line":117,"column":12},"end":{"line":117,"column":59}},"type":"binary-expr","locations":[{"start":{"line":117,"column":12},"end":{"line":117,"column":34}},{"start":{"line":117,"column":38},"end":{"line":117,"column":59}}],"line":117}},"s":{"0":5,"1":5,"2":5,"3":5,"4":5,"5":5,"6":5,"7":2,"8":5,"9":15,"10":14,"11":1,"12":5,"13":22,"14":5,"15":14,"16":5,"17":9,"18":5,"19":20,"20":20,"21":16,"22":20,"23":5,"24":4,"25":4,"26":4,"27":8,"28":8,"29":1,"30":1,"31":8,"32":8,"33":4,"34":4,"35":5,"36":14,"37":14,"38":15,"39":15,"40":15,"41":15,"42":15,"43":15,"44":30,"45":14,"46":5,"47":12,"48":12,"49":20,"50":20,"51":18,"52":18,"53":17,"54":17,"55":17,"56":1,"57":1,"58":1,"59":0,"60":0,"61":10,"62":5},"f":{"0":2,"1":15,"2":22,"3":14,"4":9,"5":20,"6":4,"7":8,"8":4,"9":14,"10":15,"11":30,"12":12,"13":20,"14":18,"15":0},"b":{"0":[14,1],"1":[16,4],"2":[1,7],"3":[17,1],"4":[18,18]},"_coverageSchema":"1a1c01bbd47fc00a2c39e90264f33305004495a9","hash":"de5f7ea4c7deb75bf09bf6e27b9998ce334b737e"}
}
