{"/home/administrador/Escritorio/JsProject/markdown-links/src/functionCli.js": {"path":"/home/administrador/Escritorio/JsProject/markdown-links/src/functionCli.js","statementMap":{"0":{"start":{"line":1,"column":15},"end":{"line":1,"column":32}},"1":{"start":{"line":2,"column":20},"end":{"line":2,"column":41}},"2":{"start":{"line":3,"column":25},"end":{"line":3,"column":42}},"3":{"start":{"line":6,"column":12},"end":{"line":33,"column":1}},"4":{"start":{"line":9,"column":2},"end":{"line":11,"column":3}},"5":{"start":{"line":10,"column":4},"end":{"line":10,"column":75}},"6":{"start":{"line":13,"column":2},"end":{"line":15,"column":3}},"7":{"start":{"line":14,"column":4},"end":{"line":14,"column":88}},"8":{"start":{"line":17,"column":2},"end":{"line":30,"column":3}},"9":{"start":{"line":18,"column":4},"end":{"line":20,"column":5}},"10":{"start":{"line":19,"column":6},"end":{"line":19,"column":76}},"11":{"start":{"line":21,"column":4},"end":{"line":23,"column":5}},"12":{"start":{"line":22,"column":6},"end":{"line":22,"column":52}},"13":{"start":{"line":23,"column":6},"end":{"line":25,"column":5}},"14":{"start":{"line":24,"column":6},"end":{"line":24,"column":51}},"15":{"start":{"line":25,"column":6},"end":{"line":27,"column":5}},"16":{"start":{"line":26,"column":6},"end":{"line":26,"column":51}},"17":{"start":{"line":29,"column":4},"end":{"line":29,"column":81}},"18":{"start":{"line":32,"column":2},"end":{"line":32,"column":79}},"19":{"start":{"line":36,"column":0},"end":{"line":36,"column":25}}},"fnMap":{"0":{"name":"(anonymous_0)","decl":{"start":{"line":6,"column":12},"end":{"line":6,"column":13}},"loc":{"start":{"line":6,"column":23},"end":{"line":33,"column":1}},"line":6}},"branchMap":{"0":{"loc":{"start":{"line":9,"column":2},"end":{"line":11,"column":3}},"type":"if","locations":[{"start":{"line":9,"column":2},"end":{"line":11,"column":3}},{"start":{"line":9,"column":2},"end":{"line":11,"column":3}}],"line":9},"1":{"loc":{"start":{"line":13,"column":2},"end":{"line":15,"column":3}},"type":"if","locations":[{"start":{"line":13,"column":2},"end":{"line":15,"column":3}},{"start":{"line":13,"column":2},"end":{"line":15,"column":3}}],"line":13},"2":{"loc":{"start":{"line":17,"column":2},"end":{"line":30,"column":3}},"type":"if","locations":[{"start":{"line":17,"column":2},"end":{"line":30,"column":3}},{"start":{"line":17,"column":2},"end":{"line":30,"column":3}}],"line":17},"3":{"loc":{"start":{"line":18,"column":4},"end":{"line":20,"column":5}},"type":"if","locations":[{"start":{"line":18,"column":4},"end":{"line":20,"column":5}},{"start":{"line":18,"column":4},"end":{"line":20,"column":5}}],"line":18},"4":{"loc":{"start":{"line":21,"column":4},"end":{"line":23,"column":5}},"type":"if","locations":[{"start":{"line":21,"column":4},"end":{"line":23,"column":5}},{"start":{"line":21,"column":4},"end":{"line":23,"column":5}}],"line":21},"5":{"loc":{"start":{"line":21,"column":8},"end":{"line":21,"column":52}},"type":"binary-expr","locations":[{"start":{"line":21,"column":8},"end":{"line":21,"column":30}},{"start":{"line":21,"column":34},"end":{"line":21,"column":52}}],"line":21},"6":{"loc":{"start":{"line":23,"column":6},"end":{"line":25,"column":5}},"type":"if","locations":[{"start":{"line":23,"column":6},"end":{"line":25,"column":5}},{"start":{"line":23,"column":6},"end":{"line":25,"column":5}}],"line":23},"7":{"loc":{"start":{"line":23,"column":10},"end":{"line":23,"column":57}},"type":"binary-expr","locations":[{"start":{"line":23,"column":10},"end":{"line":23,"column":35}},{"start":{"line":23,"column":39},"end":{"line":23,"column":57}}],"line":23},"8":{"loc":{"start":{"line":25,"column":6},"end":{"line":27,"column":5}},"type":"if","locations":[{"start":{"line":25,"column":6},"end":{"line":27,"column":5}},{"start":{"line":25,"column":6},"end":{"line":27,"column":5}}],"line":25},"9":{"loc":{"start":{"line":25,"column":10},"end":{"line":25,"column":120}},"type":"binary-expr","locations":[{"start":{"line":25,"column":11},"end":{"line":25,"column":36}},{"start":{"line":25,"column":40},"end":{"line":25,"column":62}},{"start":{"line":25,"column":68},"end":{"line":25,"column":90}},{"start":{"line":25,"column":94},"end":{"line":25,"column":119}}],"line":25}},"s":{"0":1,"1":1,"2":1,"3":1,"4":9,"5":1,"6":8,"7":1,"8":7,"9":6,"10":1,"11":5,"12":1,"13":4,"14":1,"15":3,"16":2,"17":1,"18":1,"19":1},"f":{"0":9},"b":{"0":[1,8],"1":[1,7],"2":[6,1],"3":[1,5],"4":[1,4],"5":[5,2],"6":[1,3],"7":[4,2],"8":[2,1],"9":[3,1,2,1]},"_coverageSchema":"1a1c01bbd47fc00a2c39e90264f33305004495a9","hash":"a8a38db523e16578b888ceaf2d75d0fb4582a7e9"}
,"/home/administrador/Escritorio/JsProject/markdown-links/src/index.js": {"path":"/home/administrador/Escritorio/JsProject/markdown-links/src/index.js","statementMap":{"0":{"start":{"line":1,"column":20},"end":{"line":1,"column":45}},"1":{"start":{"line":6,"column":4},"end":{"line":6,"column":15}},"2":{"start":{"line":9,"column":16},"end":{"line":35,"column":1}},"3":{"start":{"line":10,"column":24},"end":{"line":10,"column":59}},"4":{"start":{"line":12,"column":2},"end":{"line":32,"column":3}},"5":{"start":{"line":13,"column":4},"end":{"line":22,"column":5}},"6":{"start":{"line":14,"column":36},"end":{"line":14,"column":75}},"7":{"start":{"line":15,"column":35},"end":{"line":15,"column":81}},"8":{"start":{"line":17,"column":6},"end":{"line":19,"column":7}},"9":{"start":{"line":18,"column":8},"end":{"line":18,"column":57}},"10":{"start":{"line":21,"column":6},"end":{"line":21,"column":51}},"11":{"start":{"line":24,"column":34},"end":{"line":24,"column":75}},"12":{"start":{"line":25,"column":33},"end":{"line":25,"column":79}},"13":{"start":{"line":27,"column":4},"end":{"line":29,"column":5}},"14":{"start":{"line":28,"column":6},"end":{"line":28,"column":55}},"15":{"start":{"line":31,"column":4},"end":{"line":31,"column":49}},"16":{"start":{"line":34,"column":2},"end":{"line":34,"column":67}},"17":{"start":{"line":38,"column":0},"end":{"line":38,"column":29}}},"fnMap":{"0":{"name":"(anonymous_0)","decl":{"start":{"line":9,"column":16},"end":{"line":9,"column":17}},"loc":{"start":{"line":9,"column":35},"end":{"line":35,"column":1}},"line":9}},"branchMap":{"0":{"loc":{"start":{"line":12,"column":2},"end":{"line":32,"column":3}},"type":"if","locations":[{"start":{"line":12,"column":2},"end":{"line":32,"column":3}},{"start":{"line":12,"column":2},"end":{"line":32,"column":3}}],"line":12},"1":{"loc":{"start":{"line":13,"column":4},"end":{"line":22,"column":5}},"type":"if","locations":[{"start":{"line":13,"column":4},"end":{"line":22,"column":5}},{"start":{"line":13,"column":4},"end":{"line":22,"column":5}}],"line":13},"2":{"loc":{"start":{"line":17,"column":6},"end":{"line":19,"column":7}},"type":"if","locations":[{"start":{"line":17,"column":6},"end":{"line":19,"column":7}},{"start":{"line":17,"column":6},"end":{"line":19,"column":7}}],"line":17},"3":{"loc":{"start":{"line":27,"column":4},"end":{"line":29,"column":5}},"type":"if","locations":[{"start":{"line":27,"column":4},"end":{"line":29,"column":5}},{"start":{"line":27,"column":4},"end":{"line":29,"column":5}}],"line":27}},"s":{"0":2,"1":2,"2":2,"3":13,"4":13,"5":13,"6":11,"7":11,"8":11,"9":7,"10":4,"11":2,"12":2,"13":2,"14":1,"15":1,"16":0,"17":2},"f":{"0":13},"b":{"0":[13,0],"1":[11,2],"2":[7,4],"3":[1,1]},"_coverageSchema":"1a1c01bbd47fc00a2c39e90264f33305004495a9","hash":"f1d4bd1f5457e858ae1246b44901e29b58dddb0e"}
,"/home/administrador/Escritorio/JsProject/markdown-links/src/main.js": {"path":"/home/administrador/Escritorio/JsProject/markdown-links/src/main.js","statementMap":{"0":{"start":{"line":2,"column":13},"end":{"line":2,"column":28}},"1":{"start":{"line":3,"column":11},"end":{"line":3,"column":24}},"2":{"start":{"line":5,"column":15},"end":{"line":5,"column":32}},"3":{"start":{"line":6,"column":14},"end":{"line":6,"column":30}},"4":{"start":{"line":7,"column":14},"end":{"line":7,"column":35}},"5":{"start":{"line":9,"column":18},"end":{"line":9,"column":23}},"6":{"start":{"line":12,"column":21},"end":{"line":12,"column":56}},"7":{"start":{"line":12,"column":34},"end":{"line":12,"column":56}},"8":{"start":{"line":15,"column":28},"end":{"line":15,"column":62}},"9":{"start":{"line":15,"column":41},"end":{"line":15,"column":62}},"10":{"start":{"line":18,"column":23},"end":{"line":26,"column":1}},"11":{"start":{"line":21,"column":2},"end":{"line":23,"column":3}},"12":{"start":{"line":22,"column":4},"end":{"line":22,"column":19}},"13":{"start":{"line":25,"column":2},"end":{"line":25,"column":38}},"14":{"start":{"line":31,"column":28},"end":{"line":31,"column":62}},"15":{"start":{"line":31,"column":41},"end":{"line":31,"column":62}},"16":{"start":{"line":35,"column":24},"end":{"line":35,"column":66}},"17":{"start":{"line":35,"column":37},"end":{"line":35,"column":66}},"18":{"start":{"line":40,"column":26},"end":{"line":40,"column":73}},"19":{"start":{"line":40,"column":39},"end":{"line":40,"column":73}},"20":{"start":{"line":44,"column":33},"end":{"line":52,"column":1}},"21":{"start":{"line":45,"column":31},"end":{"line":45,"column":33}},"22":{"start":{"line":47,"column":2},"end":{"line":49,"column":3}},"23":{"start":{"line":48,"column":4},"end":{"line":48,"column":39}},"24":{"start":{"line":51,"column":2},"end":{"line":51,"column":30}},"25":{"start":{"line":55,"column":35},"end":{"line":83,"column":1}},"26":{"start":{"line":57,"column":21},"end":{"line":57,"column":53}},"27":{"start":{"line":58,"column":29},"end":{"line":58,"column":31}},"28":{"start":{"line":60,"column":2},"end":{"line":80,"column":5}},"29":{"start":{"line":62,"column":21},"end":{"line":62,"column":45}},"30":{"start":{"line":64,"column":4},"end":{"line":73,"column":5}},"31":{"start":{"line":70,"column":20},"end":{"line":70,"column":56}},"32":{"start":{"line":72,"column":6},"end":{"line":72,"column":64}},"33":{"start":{"line":75,"column":34},"end":{"line":75,"column":68}},"34":{"start":{"line":77,"column":4},"end":{"line":79,"column":7}},"35":{"start":{"line":78,"column":6},"end":{"line":78,"column":42}},"36":{"start":{"line":82,"column":2},"end":{"line":82,"column":30}},"37":{"start":{"line":86,"column":32},"end":{"line":107,"column":1}},"38":{"start":{"line":87,"column":28},"end":{"line":87,"column":30}},"39":{"start":{"line":89,"column":2},"end":{"line":104,"column":5}},"40":{"start":{"line":90,"column":21},"end":{"line":90,"column":59}},"41":{"start":{"line":91,"column":19},"end":{"line":91,"column":41}},"42":{"start":{"line":92,"column":17},"end":{"line":92,"column":38}},"43":{"start":{"line":93,"column":16},"end":{"line":93,"column":31}},"44":{"start":{"line":95,"column":28},"end":{"line":95,"column":69}},"45":{"start":{"line":97,"column":4},"end":{"line":103,"column":7}},"46":{"start":{"line":98,"column":6},"end":{"line":102,"column":9}},"47":{"start":{"line":106,"column":2},"end":{"line":106,"column":27}},"48":{"start":{"line":110,"column":28},"end":{"line":145,"column":1}},"49":{"start":{"line":111,"column":24},"end":{"line":111,"column":26}},"50":{"start":{"line":113,"column":2},"end":{"line":142,"column":5}},"51":{"start":{"line":114,"column":26},"end":{"line":114,"column":30}},"52":{"start":{"line":115,"column":25},"end":{"line":115,"column":41}},"53":{"start":{"line":117,"column":4},"end":{"line":141,"column":10}},"54":{"start":{"line":119,"column":8},"end":{"line":124,"column":9}},"55":{"start":{"line":120,"column":10},"end":{"line":120,"column":49}},"56":{"start":{"line":121,"column":10},"end":{"line":121,"column":42}},"57":{"start":{"line":123,"column":10},"end":{"line":123,"column":31}},"58":{"start":{"line":126,"column":8},"end":{"line":126,"column":47}},"59":{"start":{"line":127,"column":8},"end":{"line":127,"column":42}},"60":{"start":{"line":129,"column":8},"end":{"line":129,"column":29}},"61":{"start":{"line":132,"column":28},"end":{"line":138,"column":9}},"62":{"start":{"line":140,"column":8},"end":{"line":140,"column":27}},"63":{"start":{"line":144,"column":2},"end":{"line":144,"column":36}},"64":{"start":{"line":150,"column":0},"end":{"line":161,"column":2}}},"fnMap":{"0":{"name":"(anonymous_0)","decl":{"start":{"line":12,"column":21},"end":{"line":12,"column":22}},"loc":{"start":{"line":12,"column":34},"end":{"line":12,"column":56}},"line":12},"1":{"name":"(anonymous_1)","decl":{"start":{"line":15,"column":28},"end":{"line":15,"column":29}},"loc":{"start":{"line":15,"column":41},"end":{"line":15,"column":62}},"line":15},"2":{"name":"(anonymous_2)","decl":{"start":{"line":18,"column":23},"end":{"line":18,"column":24}},"loc":{"start":{"line":18,"column":36},"end":{"line":26,"column":1}},"line":18},"3":{"name":"(anonymous_3)","decl":{"start":{"line":31,"column":28},"end":{"line":31,"column":29}},"loc":{"start":{"line":31,"column":41},"end":{"line":31,"column":62}},"line":31},"4":{"name":"(anonymous_4)","decl":{"start":{"line":35,"column":24},"end":{"line":35,"column":25}},"loc":{"start":{"line":35,"column":37},"end":{"line":35,"column":66}},"line":35},"5":{"name":"(anonymous_5)","decl":{"start":{"line":40,"column":26},"end":{"line":40,"column":27}},"loc":{"start":{"line":40,"column":39},"end":{"line":40,"column":73}},"line":40},"6":{"name":"(anonymous_6)","decl":{"start":{"line":44,"column":33},"end":{"line":44,"column":34}},"loc":{"start":{"line":44,"column":46},"end":{"line":52,"column":1}},"line":44},"7":{"name":"(anonymous_7)","decl":{"start":{"line":55,"column":35},"end":{"line":55,"column":36}},"loc":{"start":{"line":55,"column":48},"end":{"line":83,"column":1}},"line":55},"8":{"name":"(anonymous_8)","decl":{"start":{"line":60,"column":21},"end":{"line":60,"column":22}},"loc":{"start":{"line":60,"column":31},"end":{"line":80,"column":3}},"line":60},"9":{"name":"(anonymous_9)","decl":{"start":{"line":77,"column":34},"end":{"line":77,"column":35}},"loc":{"start":{"line":77,"column":48},"end":{"line":79,"column":5}},"line":77},"10":{"name":"(anonymous_10)","decl":{"start":{"line":86,"column":32},"end":{"line":86,"column":33}},"loc":{"start":{"line":86,"column":58},"end":{"line":107,"column":1}},"line":86},"11":{"name":"(anonymous_11)","decl":{"start":{"line":89,"column":31},"end":{"line":89,"column":32}},"loc":{"start":{"line":89,"column":49},"end":{"line":104,"column":3}},"line":89},"12":{"name":"(anonymous_12)","decl":{"start":{"line":97,"column":28},"end":{"line":97,"column":29}},"loc":{"start":{"line":97,"column":38},"end":{"line":103,"column":5}},"line":97},"13":{"name":"(anonymous_13)","decl":{"start":{"line":110,"column":28},"end":{"line":110,"column":29}},"loc":{"start":{"line":110,"column":51},"end":{"line":145,"column":1}},"line":110},"14":{"name":"(anonymous_14)","decl":{"start":{"line":113,"column":28},"end":{"line":113,"column":29}},"loc":{"start":{"line":113,"column":38},"end":{"line":142,"column":3}},"line":113},"15":{"name":"(anonymous_15)","decl":{"start":{"line":118,"column":12},"end":{"line":118,"column":13}},"loc":{"start":{"line":118,"column":26},"end":{"line":130,"column":7}},"line":118},"16":{"name":"(anonymous_16)","decl":{"start":{"line":131,"column":13},"end":{"line":131,"column":14}},"loc":{"start":{"line":131,"column":19},"end":{"line":141,"column":7}},"line":131}},"branchMap":{"0":{"loc":{"start":{"line":21,"column":2},"end":{"line":23,"column":3}},"type":"if","locations":[{"start":{"line":21,"column":2},"end":{"line":23,"column":3}},{"start":{"line":21,"column":2},"end":{"line":23,"column":3}}],"line":21},"1":{"loc":{"start":{"line":47,"column":2},"end":{"line":49,"column":3}},"type":"if","locations":[{"start":{"line":47,"column":2},"end":{"line":49,"column":3}},{"start":{"line":47,"column":2},"end":{"line":49,"column":3}}],"line":47},"2":{"loc":{"start":{"line":64,"column":4},"end":{"line":73,"column":5}},"type":"if","locations":[{"start":{"line":64,"column":4},"end":{"line":73,"column":5}},{"start":{"line":64,"column":4},"end":{"line":73,"column":5}}],"line":64},"3":{"loc":{"start":{"line":119,"column":8},"end":{"line":124,"column":9}},"type":"if","locations":[{"start":{"line":119,"column":8},"end":{"line":124,"column":9}},{"start":{"line":119,"column":8},"end":{"line":124,"column":9}}],"line":119},"4":{"loc":{"start":{"line":119,"column":12},"end":{"line":119,"column":59}},"type":"binary-expr","locations":[{"start":{"line":119,"column":12},"end":{"line":119,"column":34}},{"start":{"line":119,"column":38},"end":{"line":119,"column":59}}],"line":119}},"s":{"0":5,"1":5,"2":5,"3":5,"4":5,"5":5,"6":5,"7":20,"8":5,"9":2,"10":5,"11":15,"12":14,"13":1,"14":5,"15":22,"16":5,"17":14,"18":5,"19":9,"20":5,"21":20,"22":20,"23":16,"24":20,"25":5,"26":4,"27":4,"28":4,"29":8,"30":8,"31":1,"32":1,"33":8,"34":8,"35":4,"36":4,"37":5,"38":14,"39":14,"40":15,"41":15,"42":15,"43":15,"44":15,"45":15,"46":18,"47":14,"48":5,"49":11,"50":11,"51":12,"52":12,"53":12,"54":10,"55":2,"56":2,"57":2,"58":8,"59":8,"60":8,"61":2,"62":2,"63":11,"64":5},"f":{"0":20,"1":2,"2":15,"3":22,"4":14,"5":9,"6":20,"7":4,"8":8,"9":4,"10":14,"11":15,"12":18,"13":11,"14":12,"15":10,"16":2},"b":{"0":[14,1],"1":[16,4],"2":[1,7],"3":[2,8],"4":[10,10]},"_coverageSchema":"1a1c01bbd47fc00a2c39e90264f33305004495a9","hash":"91ab0f97ed632449d3b9ec0eee5e80cf23d86188"}
}
