TN:
SF:src/index.js
FN:9,(anonymous_0)
FNF:1
FNH:1
FNDA:5,(anonymous_0)
DA:1,1
DA:6,1
DA:9,1
DA:10,5
DA:12,5
DA:13,3
DA:14,3
DA:16,3
DA:17,1
DA:20,2
DA:23,2
DA:24,2
DA:26,2
DA:27,1
DA:30,1
DA:34,1
LF:16
LH:16
BRDA:12,0,0,3
BRDA:12,0,1,2
BRDA:16,1,0,1
BRDA:16,1,1,2
BRDA:26,2,0,1
BRDA:26,2,1,1
BRF:6
BRH:6
end_of_record
TN:
SF:src/main.js
FN:13,(anonymous_0)
FN:16,(anonymous_1)
FN:29,(anonymous_2)
FN:33,(anonymous_3)
FN:38,(anonymous_4)
FN:42,(anonymous_5)
FN:53,(anonymous_6)
FN:58,(anonymous_7)
FN:75,(anonymous_8)
FN:84,(anonymous_9)
FN:87,(anonymous_10)
FN:95,(anonymous_11)
FN:108,(anonymous_12)
FN:111,(anonymous_13)
FN:116,(anonymous_14)
FN:129,(anonymous_15)
FNF:16
FNH:16
FNDA:2,(anonymous_0)
FNDA:7,(anonymous_1)
FNDA:14,(anonymous_2)
FNDA:6,(anonymous_3)
FNDA:9,(anonymous_4)
FNDA:12,(anonymous_5)
FNDA:4,(anonymous_6)
FNDA:8,(anonymous_7)
FNDA:4,(anonymous_8)
FNDA:6,(anonymous_9)
FNDA:7,(anonymous_10)
FNDA:14,(anonymous_11)
FNDA:5,(anonymous_12)
FNDA:7,(anonymous_13)
FNDA:6,(anonymous_14)
FNDA:1,(anonymous_15)
DA:2,4
DA:3,4
DA:5,4
DA:6,4
DA:7,4
DA:9,4
DA:13,4
DA:16,4
DA:19,7
DA:20,6
DA:23,1
DA:29,14
DA:33,6
DA:38,9
DA:42,4
DA:43,12
DA:45,12
DA:46,8
DA:49,12
DA:53,4
DA:55,4
DA:56,4
DA:58,4
DA:60,8
DA:62,8
DA:68,1
DA:70,1
DA:73,8
DA:75,8
DA:76,4
DA:80,4
DA:84,4
DA:85,6
DA:87,6
DA:88,7
DA:89,7
DA:90,7
DA:91,7
DA:93,7
DA:95,7
DA:96,14
DA:104,6
DA:108,4
DA:109,5
DA:111,5
DA:112,7
DA:113,7
DA:115,7
DA:117,6
DA:118,5
DA:119,5
DA:121,5
DA:124,1
DA:125,1
DA:127,1
DA:130,1
DA:131,1
DA:132,1
DA:134,1
DA:138,5
DA:142,4
LF:61
LH:61
BRDA:19,0,0,6
BRDA:19,0,1,1
BRDA:45,1,0,8
BRDA:45,1,1,4
BRDA:62,2,0,1
BRDA:62,2,1,7
BRDA:117,3,0,5
BRDA:117,3,1,1
BRDA:117,4,0,6
BRDA:117,4,1,6
BRF:10
BRH:10
end_of_record
