TN:
SF:src/index.js
FN:14,(anonymous_0)
FN:17,(anonymous_1)
FN:30,(anonymous_2)
FN:34,(anonymous_3)
FN:39,(anonymous_4)
FN:43,(anonymous_5)
FN:54,(anonymous_6)
FN:59,(anonymous_7)
FN:77,(anonymous_8)
FN:87,(anonymous_9)
FN:90,(anonymous_10)
FN:98,(anonymous_11)
FN:114,(anonymous_12)
FN:115,(anonymous_13)
FN:126,(anonymous_14)
FNF:15
FNH:15
FNDA:1,(anonymous_0)
FNDA:3,(anonymous_1)
FNDA:14,(anonymous_2)
FNDA:14,(anonymous_3)
FNDA:15,(anonymous_4)
FNDA:11,(anonymous_5)
FNDA:4,(anonymous_6)
FNDA:12,(anonymous_7)
FNDA:4,(anonymous_8)
FNDA:2,(anonymous_9)
FNDA:4,(anonymous_10)
FNDA:8,(anonymous_11)
FNDA:1,(anonymous_12)
FNDA:4,(anonymous_13)
FNDA:1,(anonymous_14)
DA:2,1
DA:3,1
DA:6,1
DA:7,1
DA:8,1
DA:10,1
DA:14,1
DA:17,1
DA:20,3
DA:21,2
DA:24,1
DA:30,14
DA:34,14
DA:39,15
DA:43,1
DA:44,11
DA:46,11
DA:47,5
DA:50,11
DA:54,1
DA:56,4
DA:57,4
DA:59,4
DA:61,12
DA:63,12
DA:69,2
DA:71,2
DA:74,12
DA:75,10
DA:77,10
DA:78,4
DA:83,4
DA:87,1
DA:88,2
DA:90,2
DA:91,4
DA:92,4
DA:93,4
DA:94,4
DA:96,4
DA:98,4
DA:99,8
DA:107,2
DA:108,2
DA:110,2
DA:114,1
DA:115,1
DA:116,4
DA:126,1
DA:127,1
DA:128,1
DA:130,1
DA:131,1
DA:133,1
DA:135,1
DA:138,1
DA:139,0
DA:141,0
DA:143,0
DA:147,1
DA:151,1
DA:154,1
LF:62
LH:59
BRDA:20,0,0,2
BRDA:20,0,1,1
BRDA:46,1,0,5
BRDA:46,1,1,6
BRDA:63,2,0,2
BRDA:63,2,1,10
BRDA:74,3,0,10
BRDA:74,3,1,2
BRDA:127,4,0,1
BRDA:127,4,1,0
BRDA:130,5,0,1
BRDA:130,5,1,0
BRDA:138,6,0,0
BRDA:138,6,1,1
BRF:14
BRH:11
end_of_record
